{"/home/tin/projects/todo-list-be/index.ts": {"path":"/home/tin/projects/todo-list-be/index.ts","statementMap":{"0":{"start":{"line":1,"column":0},"end":{"line":1,"column":67}},"1":{"start":{"line":2,"column":0},"end":{"line":2,"column":53}},"2":{"start":{"line":3,"column":0},"end":{"line":3,"column":28}},"3":{"start":{"line":4,"column":0},"end":{"line":4,"column":32}},"4":{"start":{"line":5,"column":0},"end":{"line":5,"column":16}},"5":{"start":{"line":8,"column":0},"end":{"line":8,"column":44}},"6":{"start":{"line":10,"column":12},"end":{"line":10,"column":21}},"7":{"start":{"line":11,"column":13},"end":{"line":11,"column":37}},"8":{"start":{"line":13,"column":0},"end":{"line":13,"column":24}},"9":{"start":{"line":14,"column":0},"end":{"line":14,"column":48}},"10":{"start":{"line":15,"column":0},"end":{"line":15,"column":28}},"11":{"start":{"line":17,"column":0},"end":{"line":22,"column":3}},"12":{"start":{"line":18,"column":16},"end":{"line":18,"column":29}},"13":{"start":{"line":19,"column":2},"end":{"line":19,"column":21}},"14":{"start":{"line":20,"column":2},"end":{"line":20,"column":31}},"15":{"start":{"line":21,"column":2},"end":{"line":21,"column":14}},"16":{"start":{"line":24,"column":0},"end":{"line":33,"column":2}},"17":{"start":{"line":31,"column":4},"end":{"line":31,"column":75}},"18":{"start":{"line":35,"column":0},"end":{"line":44,"column":null}},"19":{"start":{"line":36,"column":2},"end":{"line":43,"column":7}},"20":{"start":{"line":39,"column":6},"end":{"line":39,"column":40}},"21":{"start":{"line":42,"column":6},"end":{"line":42,"column":27}},"22":{"start":{"line":46,"column":15},"end":{"line":48,"column":2}},"23":{"start":{"line":47,"column":2},"end":{"line":47,"column":49}},"24":{"start":{"line":51,"column":9},"end":{"line":51,"column":15}},"25":{"start":{"line":50,"column":0},"end":{"line":50,"column":19}}},"fnMap":{"0":{"name":"(anonymous_1)","decl":{"start":{"line":17,"column":8},"end":{"line":17,"column":9}},"loc":{"start":{"line":17,"column":71},"end":{"line":22,"column":1}}},"1":{"name":"(anonymous_2)","decl":{"start":{"line":25,"column":2},"end":{"line":25,"column":null}},"loc":{"start":{"line":30,"column":6},"end":{"line":32,"column":3}}},"2":{"name":"(anonymous_3)","decl":{"start":{"line":38,"column":10},"end":{"line":38,"column":13}},"loc":{"start":{"line":38,"column":15},"end":{"line":40,"column":5}}},"3":{"name":"(anonymous_4)","decl":{"start":{"line":41,"column":11},"end":{"line":41,"column":12}},"loc":{"start":{"line":41,"column":21},"end":{"line":43,"column":5}}},"4":{"name":"(anonymous_5)","decl":{"start":{"line":46,"column":32},"end":{"line":46,"column":35}},"loc":{"start":{"line":46,"column":37},"end":{"line":48,"column":1}}}},"branchMap":{"0":{"loc":{"start":{"line":11,"column":13},"end":{"line":11,"column":37}},"type":"binary-expr","locations":[{"start":{"line":11,"column":13},"end":{"line":11,"column":29}},{"start":{"line":11,"column":33},"end":{"line":11,"column":37}}]},"1":{"loc":{"start":{"line":31,"column":28},"end":{"line":31,"column":47}},"type":"binary-expr","locations":[{"start":{"line":31,"column":28},"end":{"line":31,"column":40}},{"start":{"line":31,"column":44},"end":{"line":31,"column":47}}]},"2":{"loc":{"start":{"line":35,"column":0},"end":{"line":44,"column":null}},"type":"if","locations":[{"start":{"line":35,"column":0},"end":{"line":44,"column":null}},{"start":{"line":35,"column":0},"end":{"line":44,"column":null}}]}},"s":{"0":1,"1":1,"2":1,"3":1,"4":1,"5":1,"6":1,"7":1,"8":1,"9":1,"10":1,"11":1,"12":1,"13":1,"14":1,"15":1,"16":1,"17":10,"18":1,"19":0,"20":0,"21":0,"22":1,"23":1,"24":1,"25":1},"f":{"0":1,"1":10,"2":0,"3":0,"4":1},"b":{"0":[1,0],"1":[10,0],"2":[0,1]}}
,"/home/tin/projects/todo-list-be/controllers/user.controller.ts": {"path":"/home/tin/projects/todo-list-be/controllers/user.controller.ts","statementMap":{"0":{"start":{"line":2,"column":0},"end":{"line":2,"column":38}},"1":{"start":{"line":3,"column":0},"end":{"line":3,"column":53}},"2":{"start":{"line":4,"column":0},"end":{"line":4,"column":null}},"3":{"start":{"line":9,"column":0},"end":{"line":9,"column":45}},"4":{"start":{"line":10,"column":0},"end":{"line":10,"column":40}},"5":{"start":{"line":12,"column":17},"end":{"line":42,"column":2}},"6":{"start":{"line":16,"column":4},"end":{"line":42,"column":2}},"7":{"start":{"line":17,"column":2},"end":{"line":41,"column":null}},"8":{"start":{"line":18,"column":35},"end":{"line":18,"column":47}},"9":{"start":{"line":19,"column":22},"end":{"line":19,"column":48}},"10":{"start":{"line":20,"column":4},"end":{"line":22,"column":null}},"11":{"start":{"line":21,"column":6},"end":{"line":21,"column":50}},"12":{"start":{"line":24,"column":20},"end":{"line":26,"column":6}},"13":{"start":{"line":28,"column":4},"end":{"line":30,"column":null}},"14":{"start":{"line":29,"column":6},"end":{"line":29,"column":78}},"15":{"start":{"line":32,"column":17},"end":{"line":32,"column":49}},"16":{"start":{"line":33,"column":22},"end":{"line":33,"column":39}},"17":{"start":{"line":35,"column":4},"end":{"line":38,"column":7}},"18":{"start":{"line":40,"column":4},"end":{"line":40,"column":16}},"19":{"start":{"line":134,"column":9},"end":{"line":134,"column":17}},"20":{"start":{"line":44,"column":21},"end":{"line":72,"column":2}},"21":{"start":{"line":48,"column":4},"end":{"line":72,"column":2}},"22":{"start":{"line":49,"column":2},"end":{"line":71,"column":null}},"23":{"start":{"line":50,"column":47},"end":{"line":50,"column":59}},"24":{"start":{"line":51,"column":4},"end":{"line":53,"column":null}},"25":{"start":{"line":52,"column":6},"end":{"line":52,"column":41}},"26":{"start":{"line":55,"column":23},"end":{"line":55,"column":65}},"27":{"start":{"line":57,"column":4},"end":{"line":61,"column":7}},"28":{"start":{"line":58,"column":6},"end":{"line":60,"column":null}},"29":{"start":{"line":59,"column":8},"end":{"line":59,"column":52}},"30":{"start":{"line":63,"column":24},"end":{"line":63,"column":53}},"31":{"start":{"line":64,"column":25},"end":{"line":64,"column":55}},"32":{"start":{"line":65,"column":4},"end":{"line":68,"column":7}},"33":{"start":{"line":70,"column":4},"end":{"line":70,"column":16}},"34":{"start":{"line":134,"column":19},"end":{"line":134,"column":31}},"35":{"start":{"line":74,"column":14},"end":{"line":106,"column":2}},"36":{"start":{"line":78,"column":4},"end":{"line":106,"column":2}},"37":{"start":{"line":79,"column":2},"end":{"line":105,"column":null}},"38":{"start":{"line":80,"column":22},"end":{"line":80,"column":48}},"39":{"start":{"line":81,"column":4},"end":{"line":83,"column":null}},"40":{"start":{"line":82,"column":6},"end":{"line":82,"column":50}},"41":{"start":{"line":85,"column":35},"end":{"line":85,"column":47}},"42":{"start":{"line":86,"column":17},"end":{"line":86,"column":49}},"43":{"start":{"line":87,"column":4},"end":{"line":89,"column":null}},"44":{"start":{"line":88,"column":6},"end":{"line":88,"column":60}},"45":{"start":{"line":91,"column":20},"end":{"line":91,"column":54}},"46":{"start":{"line":93,"column":4},"end":{"line":95,"column":null}},"47":{"start":{"line":94,"column":6},"end":{"line":94,"column":43}},"48":{"start":{"line":96,"column":24},"end":{"line":96,"column":55}},"49":{"start":{"line":97,"column":25},"end":{"line":97,"column":57}},"50":{"start":{"line":99,"column":4},"end":{"line":102,"column":7}},"51":{"start":{"line":104,"column":4},"end":{"line":104,"column":16}},"52":{"start":{"line":134,"column":33},"end":{"line":134,"column":38}},"53":{"start":{"line":108,"column":15},"end":{"line":132,"column":2}},"54":{"start":{"line":112,"column":4},"end":{"line":132,"column":2}},"55":{"start":{"line":113,"column":2},"end":{"line":131,"column":null}},"56":{"start":{"line":114,"column":47},"end":{"line":114,"column":59}},"57":{"start":{"line":115,"column":4},"end":{"line":117,"column":null}},"58":{"start":{"line":116,"column":6},"end":{"line":116,"column":41}},"59":{"start":{"line":119,"column":23},"end":{"line":119,"column":65}},"60":{"start":{"line":120,"column":4},"end":{"line":128,"column":7}},"61":{"start":{"line":121,"column":6},"end":{"line":123,"column":null}},"62":{"start":{"line":122,"column":8},"end":{"line":122,"column":52}},"63":{"start":{"line":125,"column":6},"end":{"line":127,"column":9}},"64":{"start":{"line":130,"column":4},"end":{"line":130,"column":16}},"65":{"start":{"line":134,"column":40},"end":{"line":134,"column":46}}},"fnMap":{"0":{"name":"(anonymous_8)","decl":{"start":{"line":12,"column":17},"end":{"line":12,"column":null}},"loc":{"start":{"line":16,"column":4},"end":{"line":42,"column":2}}},"1":{"name":"(anonymous_9)","decl":{"start":{"line":16,"column":4},"end":{"line":16,"column":null}},"loc":{"start":{"line":16,"column":4},"end":{"line":42,"column":1}}},"2":{"name":"(anonymous_10)","decl":{"start":{"line":44,"column":21},"end":{"line":44,"column":null}},"loc":{"start":{"line":48,"column":4},"end":{"line":72,"column":2}}},"3":{"name":"(anonymous_11)","decl":{"start":{"line":48,"column":4},"end":{"line":48,"column":null}},"loc":{"start":{"line":48,"column":4},"end":{"line":72,"column":1}}},"4":{"name":"(anonymous_12)","decl":{"start":{"line":57,"column":34},"end":{"line":57,"column":35}},"loc":{"start":{"line":57,"column":44},"end":{"line":61,"column":5}}},"5":{"name":"(anonymous_13)","decl":{"start":{"line":74,"column":14},"end":{"line":74,"column":null}},"loc":{"start":{"line":78,"column":4},"end":{"line":106,"column":2}}},"6":{"name":"(anonymous_14)","decl":{"start":{"line":78,"column":4},"end":{"line":78,"column":null}},"loc":{"start":{"line":78,"column":4},"end":{"line":106,"column":1}}},"7":{"name":"(anonymous_15)","decl":{"start":{"line":108,"column":15},"end":{"line":108,"column":null}},"loc":{"start":{"line":112,"column":4},"end":{"line":132,"column":2}}},"8":{"name":"(anonymous_16)","decl":{"start":{"line":112,"column":4},"end":{"line":112,"column":null}},"loc":{"start":{"line":112,"column":4},"end":{"line":132,"column":1}}},"9":{"name":"(anonymous_17)","decl":{"start":{"line":120,"column":34},"end":{"line":120,"column":35}},"loc":{"start":{"line":120,"column":44},"end":{"line":128,"column":5}}}},"branchMap":{"0":{"loc":{"start":{"line":20,"column":4},"end":{"line":22,"column":null}},"type":"if","locations":[{"start":{"line":20,"column":4},"end":{"line":22,"column":null}},{"start":{"line":20,"column":4},"end":{"line":22,"column":null}}]},"1":{"loc":{"start":{"line":28,"column":4},"end":{"line":30,"column":null}},"type":"if","locations":[{"start":{"line":28,"column":4},"end":{"line":30,"column":null}},{"start":{"line":28,"column":4},"end":{"line":30,"column":null}}]},"2":{"loc":{"start":{"line":51,"column":4},"end":{"line":53,"column":null}},"type":"if","locations":[{"start":{"line":51,"column":4},"end":{"line":53,"column":null}},{"start":{"line":51,"column":4},"end":{"line":53,"column":null}}]},"3":{"loc":{"start":{"line":58,"column":6},"end":{"line":60,"column":null}},"type":"if","locations":[{"start":{"line":58,"column":6},"end":{"line":60,"column":null}},{"start":{"line":58,"column":6},"end":{"line":60,"column":null}}]},"4":{"loc":{"start":{"line":81,"column":4},"end":{"line":83,"column":null}},"type":"if","locations":[{"start":{"line":81,"column":4},"end":{"line":83,"column":null}},{"start":{"line":81,"column":4},"end":{"line":83,"column":null}}]},"5":{"loc":{"start":{"line":87,"column":4},"end":{"line":89,"column":null}},"type":"if","locations":[{"start":{"line":87,"column":4},"end":{"line":89,"column":null}},{"start":{"line":87,"column":4},"end":{"line":89,"column":null}}]},"6":{"loc":{"start":{"line":93,"column":4},"end":{"line":95,"column":null}},"type":"if","locations":[{"start":{"line":93,"column":4},"end":{"line":95,"column":null}},{"start":{"line":93,"column":4},"end":{"line":95,"column":null}}]},"7":{"loc":{"start":{"line":115,"column":4},"end":{"line":117,"column":null}},"type":"if","locations":[{"start":{"line":115,"column":4},"end":{"line":117,"column":null}},{"start":{"line":115,"column":4},"end":{"line":117,"column":null}}]},"8":{"loc":{"start":{"line":121,"column":6},"end":{"line":123,"column":null}},"type":"if","locations":[{"start":{"line":121,"column":6},"end":{"line":123,"column":null}},{"start":{"line":121,"column":6},"end":{"line":123,"column":null}}]}},"s":{"0":1,"1":1,"2":1,"3":1,"4":1,"5":1,"6":12,"7":12,"8":12,"9":12,"10":12,"11":4,"12":8,"13":8,"14":1,"15":7,"16":7,"17":7,"18":5,"19":1,"20":1,"21":0,"22":0,"23":0,"24":0,"25":0,"26":0,"27":0,"28":0,"29":0,"30":0,"31":0,"32":0,"33":0,"34":1,"35":1,"36":5,"37":5,"38":5,"39":5,"40":2,"41":3,"42":3,"43":3,"44":1,"45":2,"46":2,"47":1,"48":1,"49":1,"50":1,"51":4,"52":1,"53":1,"54":0,"55":0,"56":0,"57":0,"58":0,"59":0,"60":0,"61":0,"62":0,"63":0,"64":0,"65":1},"f":{"0":12,"1":12,"2":0,"3":0,"4":0,"5":5,"6":5,"7":0,"8":0,"9":0},"b":{"0":[4,8],"1":[1,7],"2":[0,0],"3":[0,0],"4":[2,3],"5":[1,2],"6":[1,1],"7":[0,0],"8":[0,0]}}
,"/home/tin/projects/todo-list-be/helpers/connectRedis.ts": {"path":"/home/tin/projects/todo-list-be/helpers/connectRedis.ts","statementMap":{"0":{"start":{"line":1,"column":0},"end":{"line":1,"column":26}},"1":{"start":{"line":3,"column":15},"end":{"line":6,"column":2}},"2":{"start":{"line":8,"column":0},"end":{"line":10,"column":3}},"3":{"start":{"line":9,"column":2},"end":{"line":9,"column":21}},"4":{"start":{"line":12,"column":0},"end":{"line":14,"column":3}},"5":{"start":{"line":13,"column":2},"end":{"line":13,"column":32}},"6":{"start":{"line":16,"column":0},"end":{"line":18,"column":3}},"7":{"start":{"line":17,"column":2},"end":{"line":17,"column":23}},"8":{"start":{"line":20,"column":0},"end":{"line":22,"column":3}},"9":{"start":{"line":21,"column":2},"end":{"line":21,"column":33}},"10":{"start":{"line":24,"column":0},"end":{"line":24,"column":22}}},"fnMap":{"0":{"name":"(anonymous_1)","decl":{"start":{"line":8,"column":12},"end":{"line":8,"column":13}},"loc":{"start":{"line":8,"column":25},"end":{"line":10,"column":1}}},"1":{"name":"(anonymous_2)","decl":{"start":{"line":12,"column":19},"end":{"line":12,"column":22}},"loc":{"start":{"line":12,"column":24},"end":{"line":14,"column":1}}},"2":{"name":"(anonymous_3)","decl":{"start":{"line":16,"column":19},"end":{"line":16,"column":20}},"loc":{"start":{"line":16,"column":29},"end":{"line":18,"column":1}}},"3":{"name":"(anonymous_4)","decl":{"start":{"line":20,"column":21},"end":{"line":20,"column":24}},"loc":{"start":{"line":20,"column":26},"end":{"line":22,"column":1}}}},"branchMap":{},"s":{"0":1,"1":1,"2":1,"3":1,"4":1,"5":1,"6":1,"7":0,"8":1,"9":1,"10":1},"f":{"0":1,"1":1,"2":0,"3":1},"b":{}}
,"/home/tin/projects/todo-list-be/helpers/jwt_service.ts": {"path":"/home/tin/projects/todo-list-be/helpers/jwt_service.ts","statementMap":{"0":{"start":{"line":1,"column":0},"end":{"line":1,"column":31}},"1":{"start":{"line":2,"column":0},"end":{"line":2,"column":38}},"2":{"start":{"line":4,"column":0},"end":{"line":4,"column":36}},"3":{"start":{"line":6,"column":24},"end":{"line":32,"column":2}},"4":{"start":{"line":6,"column":49},"end":{"line":32,"column":2}},"5":{"start":{"line":7,"column":2},"end":{"line":31,"column":5}},"6":{"start":{"line":8,"column":20},"end":{"line":10,"column":6}},"7":{"start":{"line":12,"column":4},"end":{"line":14,"column":null}},"8":{"start":{"line":13,"column":6},"end":{"line":13,"column":50}},"9":{"start":{"line":16,"column":20},"end":{"line":18,"column":6}},"10":{"start":{"line":20,"column":4},"end":{"line":30,"column":6}},"11":{"start":{"line":25,"column":8},"end":{"line":27,"column":null}},"12":{"start":{"line":26,"column":10},"end":{"line":26,"column":24}},"13":{"start":{"line":28,"column":8},"end":{"line":28,"column":23}},"14":{"start":{"line":114,"column":2},"end":{"line":114,"column":17}},"15":{"start":{"line":34,"column":26},"end":{"line":58,"column":1}},"16":{"start":{"line":39,"column":2},"end":{"line":41,"column":null}},"17":{"start":{"line":40,"column":4},"end":{"line":40,"column":48}},"18":{"start":{"line":43,"column":2},"end":{"line":45,"column":null}},"19":{"start":{"line":44,"column":4},"end":{"line":44,"column":55}},"20":{"start":{"line":47,"column":16},"end":{"line":47,"column":59}},"21":{"start":{"line":48,"column":2},"end":{"line":57,"column":5}},"22":{"start":{"line":49,"column":4},"end":{"line":54,"column":null}},"23":{"start":{"line":50,"column":6},"end":{"line":52,"column":null}},"24":{"start":{"line":51,"column":8},"end":{"line":51,"column":52}},"25":{"start":{"line":53,"column":6},"end":{"line":53,"column":63}},"26":{"start":{"line":55,"column":4},"end":{"line":55,"column":31}},"27":{"start":{"line":56,"column":4},"end":{"line":56,"column":11}},"28":{"start":{"line":115,"column":2},"end":{"line":115,"column":19}},"29":{"start":{"line":60,"column":25},"end":{"line":92,"column":2}},"30":{"start":{"line":60,"column":50},"end":{"line":92,"column":2}},"31":{"start":{"line":61,"column":2},"end":{"line":91,"column":5}},"32":{"start":{"line":62,"column":20},"end":{"line":64,"column":6}},"33":{"start":{"line":66,"column":4},"end":{"line":68,"column":null}},"34":{"start":{"line":67,"column":6},"end":{"line":67,"column":50}},"35":{"start":{"line":70,"column":20},"end":{"line":72,"column":6}},"36":{"start":{"line":74,"column":4},"end":{"line":90,"column":6}},"37":{"start":{"line":79,"column":8},"end":{"line":81,"column":null}},"38":{"start":{"line":80,"column":10},"end":{"line":80,"column":24}},"39":{"start":{"line":82,"column":8},"end":{"line":86,"column":11}},"40":{"start":{"line":83,"column":10},"end":{"line":85,"column":null}},"41":{"start":{"line":84,"column":12},"end":{"line":84,"column":26}},"42":{"start":{"line":87,"column":8},"end":{"line":87,"column":60}},"43":{"start":{"line":88,"column":8},"end":{"line":88,"column":23}},"44":{"start":{"line":116,"column":2},"end":{"line":116,"column":18}},"45":{"start":{"line":94,"column":27},"end":{"line":111,"column":1}},"46":{"start":{"line":95,"column":2},"end":{"line":110,"column":5}},"47":{"start":{"line":96,"column":4},"end":{"line":98,"column":null}},"48":{"start":{"line":97,"column":6},"end":{"line":97,"column":59}},"49":{"start":{"line":100,"column":4},"end":{"line":109,"column":6}},"50":{"start":{"line":104,"column":8},"end":{"line":106,"column":null}},"51":{"start":{"line":105,"column":10},"end":{"line":105,"column":31}},"52":{"start":{"line":107,"column":8},"end":{"line":107,"column":25}},"53":{"start":{"line":117,"column":2},"end":{"line":117,"column":20}}},"fnMap":{"0":{"name":"(anonymous_8)","decl":{"start":{"line":6,"column":24},"end":{"line":6,"column":31}},"loc":{"start":{"line":6,"column":49},"end":{"line":32,"column":2}}},"1":{"name":"(anonymous_9)","decl":{"start":{"line":6,"column":49},"end":{"line":6,"column":null}},"loc":{"start":{"line":6,"column":49},"end":{"line":32,"column":1}}},"2":{"name":"(anonymous_10)","decl":{"start":{"line":7,"column":21},"end":{"line":7,"column":22}},"loc":{"start":{"line":7,"column":41},"end":{"line":31,"column":3}}},"3":{"name":"(anonymous_11)","decl":{"start":{"line":24,"column":6},"end":{"line":24,"column":7}},"loc":{"start":{"line":24,"column":23},"end":{"line":29,"column":7}}},"4":{"name":"(anonymous_12)","decl":{"start":{"line":34,"column":26},"end":{"line":34,"column":null}},"loc":{"start":{"line":38,"column":4},"end":{"line":58,"column":1}}},"5":{"name":"(anonymous_13)","decl":{"start":{"line":48,"column":53},"end":{"line":48,"column":54}},"loc":{"start":{"line":48,"column":72},"end":{"line":57,"column":3}}},"6":{"name":"(anonymous_14)","decl":{"start":{"line":60,"column":25},"end":{"line":60,"column":32}},"loc":{"start":{"line":60,"column":50},"end":{"line":92,"column":2}}},"7":{"name":"(anonymous_15)","decl":{"start":{"line":60,"column":50},"end":{"line":60,"column":null}},"loc":{"start":{"line":60,"column":50},"end":{"line":92,"column":1}}},"8":{"name":"(anonymous_16)","decl":{"start":{"line":61,"column":21},"end":{"line":61,"column":22}},"loc":{"start":{"line":61,"column":41},"end":{"line":91,"column":3}}},"9":{"name":"(anonymous_17)","decl":{"start":{"line":78,"column":6},"end":{"line":78,"column":7}},"loc":{"start":{"line":78,"column":23},"end":{"line":89,"column":7}}},"10":{"name":"(anonymous_18)","decl":{"start":{"line":82,"column":55},"end":{"line":82,"column":56}},"loc":{"start":{"line":82,"column":65},"end":{"line":86,"column":9}}},"11":{"name":"(anonymous_19)","decl":{"start":{"line":94,"column":27},"end":{"line":94,"column":28}},"loc":{"start":{"line":94,"column":66},"end":{"line":111,"column":1}}},"12":{"name":"(anonymous_20)","decl":{"start":{"line":95,"column":21},"end":{"line":95,"column":22}},"loc":{"start":{"line":95,"column":41},"end":{"line":110,"column":3}}},"13":{"name":"(anonymous_21)","decl":{"start":{"line":103,"column":6},"end":{"line":103,"column":7}},"loc":{"start":{"line":103,"column":25},"end":{"line":108,"column":7}}}},"branchMap":{"0":{"loc":{"start":{"line":12,"column":4},"end":{"line":14,"column":null}},"type":"if","locations":[{"start":{"line":12,"column":4},"end":{"line":14,"column":null}},{"start":{"line":12,"column":4},"end":{"line":14,"column":null}}]},"1":{"loc":{"start":{"line":25,"column":8},"end":{"line":27,"column":null}},"type":"if","locations":[{"start":{"line":25,"column":8},"end":{"line":27,"column":null}},{"start":{"line":25,"column":8},"end":{"line":27,"column":null}}]},"2":{"loc":{"start":{"line":39,"column":2},"end":{"line":41,"column":null}},"type":"if","locations":[{"start":{"line":39,"column":2},"end":{"line":41,"column":null}},{"start":{"line":39,"column":2},"end":{"line":41,"column":null}}]},"3":{"loc":{"start":{"line":43,"column":2},"end":{"line":45,"column":null}},"type":"if","locations":[{"start":{"line":43,"column":2},"end":{"line":45,"column":null}},{"start":{"line":43,"column":2},"end":{"line":45,"column":null}}]},"4":{"loc":{"start":{"line":49,"column":4},"end":{"line":54,"column":null}},"type":"if","locations":[{"start":{"line":49,"column":4},"end":{"line":54,"column":null}},{"start":{"line":49,"column":4},"end":{"line":54,"column":null}}]},"5":{"loc":{"start":{"line":50,"column":6},"end":{"line":52,"column":null}},"type":"if","locations":[{"start":{"line":50,"column":6},"end":{"line":52,"column":null}},{"start":{"line":50,"column":6},"end":{"line":52,"column":null}}]},"6":{"loc":{"start":{"line":66,"column":4},"end":{"line":68,"column":null}},"type":"if","locations":[{"start":{"line":66,"column":4},"end":{"line":68,"column":null}},{"start":{"line":66,"column":4},"end":{"line":68,"column":null}}]},"7":{"loc":{"start":{"line":79,"column":8},"end":{"line":81,"column":null}},"type":"if","locations":[{"start":{"line":79,"column":8},"end":{"line":81,"column":null}},{"start":{"line":79,"column":8},"end":{"line":81,"column":null}}]},"8":{"loc":{"start":{"line":83,"column":10},"end":{"line":85,"column":null}},"type":"if","locations":[{"start":{"line":83,"column":10},"end":{"line":85,"column":null}},{"start":{"line":83,"column":10},"end":{"line":85,"column":null}}]},"9":{"loc":{"start":{"line":96,"column":4},"end":{"line":98,"column":null}},"type":"if","locations":[{"start":{"line":96,"column":4},"end":{"line":98,"column":null}},{"start":{"line":96,"column":4},"end":{"line":98,"column":null}}]},"10":{"loc":{"start":{"line":104,"column":8},"end":{"line":106,"column":null}},"type":"if","locations":[{"start":{"line":104,"column":8},"end":{"line":106,"column":null}},{"start":{"line":104,"column":8},"end":{"line":106,"column":null}}]}},"s":{"0":1,"1":1,"2":1,"3":1,"4":1,"5":1,"6":1,"7":1,"8":0,"9":1,"10":1,"11":1,"12":0,"13":1,"14":1,"15":1,"16":0,"17":0,"18":0,"19":0,"20":0,"21":0,"22":0,"23":0,"24":0,"25":0,"26":0,"27":0,"28":1,"29":1,"30":1,"31":1,"32":1,"33":1,"34":0,"35":1,"36":1,"37":1,"38":0,"39":1,"40":1,"41":0,"42":1,"43":1,"44":1,"45":1,"46":0,"47":0,"48":0,"49":0,"50":0,"51":0,"52":0,"53":1},"f":{"0":1,"1":1,"2":1,"3":1,"4":0,"5":0,"6":1,"7":1,"8":1,"9":1,"10":1,"11":0,"12":0,"13":0},"b":{"0":[0,1],"1":[0,1],"2":[0,0],"3":[0,0],"4":[0,0],"5":[0,0],"6":[0,1],"7":[0,1],"8":[0,1],"9":[0,0],"10":[0,0]}}
,"/home/tin/projects/todo-list-be/helpers/validation.ts": {"path":"/home/tin/projects/todo-list-be/helpers/validation.ts","statementMap":{"0":{"start":{"line":1,"column":0},"end":{"line":1,"column":22}},"1":{"start":{"line":3,"column":21},"end":{"line":9,"column":1}},"2":{"start":{"line":4,"column":21},"end":{"line":7,"column":4}},"3":{"start":{"line":8,"column":2},"end":{"line":8,"column":35}},"4":{"start":{"line":11,"column":9},"end":{"line":11,"column":21}}},"fnMap":{"0":{"name":"(anonymous_1)","decl":{"start":{"line":3,"column":21},"end":{"line":3,"column":22}},"loc":{"start":{"line":3,"column":70},"end":{"line":9,"column":1}}}},"branchMap":{},"s":{"0":1,"1":1,"2":17,"3":17,"4":1},"f":{"0":17},"b":{}}
,"/home/tin/projects/todo-list-be/models/user.model.ts": {"path":"/home/tin/projects/todo-list-be/models/user.model.ts","statementMap":{"0":{"start":{"line":1,"column":0},"end":{"line":1,"column":54}},"1":{"start":{"line":2,"column":0},"end":{"line":2,"column":28}},"2":{"start":{"line":13,"column":34},"end":{"line":24,"column":2}},"3":{"start":{"line":39,"column":9},"end":{"line":39,"column":19}},"4":{"start":{"line":26,"column":0},"end":{"line":31,"column":3}},"5":{"start":{"line":27,"column":15},"end":{"line":27,"column":39}},"6":{"start":{"line":28,"column":23},"end":{"line":28,"column":61}},"7":{"start":{"line":29,"column":2},"end":{"line":29,"column":31}},"8":{"start":{"line":30,"column":2},"end":{"line":30,"column":9}},"9":{"start":{"line":33,"column":0},"end":{"line":37,"column":2}},"10":{"start":{"line":34,"column":2},"end":{"line":36,"column":20}},"11":{"start":{"line":35,"column":4},"end":{"line":35,"column":57}},"12":{"start":{"line":40,"column":0},"end":{"line":40,"column":66}}},"fnMap":{"0":{"name":"(anonymous_8)","decl":{"start":{"line":26,"column":30},"end":{"line":26,"column":46}},"loc":{"start":{"line":26,"column":50},"end":{"line":31,"column":2}}},"1":{"name":"(anonymous_10)","decl":{"start":{"line":33,"column":35},"end":{"line":33,"column":51}},"loc":{"start":{"line":33,"column":67},"end":{"line":37,"column":2}}}},"branchMap":{},"s":{"0":1,"1":1,"2":1,"3":1,"4":1,"5":7,"6":7,"7":7,"8":7,"9":1,"10":2,"11":2,"12":1},"f":{"0":7,"1":2},"b":{}}
,"/home/tin/projects/todo-list-be/routes/user.route.ts": {"path":"/home/tin/projects/todo-list-be/routes/user.route.ts","statementMap":{"0":{"start":{"line":1,"column":0},"end":{"line":1,"column":30}},"1":{"start":{"line":2,"column":0},"end":{"line":2,"column":null}},"2":{"start":{"line":9,"column":14},"end":{"line":9,"column":30}},"3":{"start":{"line":10,"column":0},"end":{"line":10,"column":34}},"4":{"start":{"line":11,"column":0},"end":{"line":11,"column":43}},"5":{"start":{"line":12,"column":0},"end":{"line":12,"column":28}},"6":{"start":{"line":13,"column":0},"end":{"line":13,"column":32}},"7":{"start":{"line":15,"column":0},"end":{"line":15,"column":21}}},"fnMap":{},"branchMap":{},"s":{"0":1,"1":1,"2":1,"3":1,"4":1,"5":1,"6":1,"7":1},"f":{},"b":{}}
}
