{"/home/tin/projects/todo-list-be/index.ts": {"path":"/home/tin/projects/todo-list-be/index.ts","statementMap":{"0":{"start":{"line":1,"column":0},"end":{"line":1,"column":67}},"1":{"start":{"line":2,"column":0},"end":{"line":2,"column":53}},"2":{"start":{"line":3,"column":0},"end":{"line":3,"column":28}},"3":{"start":{"line":4,"column":0},"end":{"line":4,"column":16}},"4":{"start":{"line":7,"column":0},"end":{"line":7,"column":44}},"5":{"start":{"line":9,"column":12},"end":{"line":9,"column":21}},"6":{"start":{"line":10,"column":13},"end":{"line":10,"column":37}},"7":{"start":{"line":12,"column":0},"end":{"line":12,"column":24}},"8":{"start":{"line":13,"column":0},"end":{"line":13,"column":48}},"9":{"start":{"line":14,"column":0},"end":{"line":14,"column":28}},"10":{"start":{"line":16,"column":0},"end":{"line":21,"column":3}},"11":{"start":{"line":17,"column":16},"end":{"line":17,"column":29}},"12":{"start":{"line":18,"column":2},"end":{"line":18,"column":21}},"13":{"start":{"line":19,"column":2},"end":{"line":19,"column":31}},"14":{"start":{"line":20,"column":2},"end":{"line":20,"column":14}},"15":{"start":{"line":23,"column":0},"end":{"line":32,"column":2}},"16":{"start":{"line":30,"column":4},"end":{"line":30,"column":75}},"17":{"start":{"line":34,"column":15},"end":{"line":36,"column":2}},"18":{"start":{"line":35,"column":2},"end":{"line":35,"column":49}},"19":{"start":{"line":39,"column":9},"end":{"line":39,"column":15}},"20":{"start":{"line":38,"column":0},"end":{"line":38,"column":19}}},"fnMap":{"0":{"name":"(anonymous_1)","decl":{"start":{"line":16,"column":8},"end":{"line":16,"column":9}},"loc":{"start":{"line":16,"column":71},"end":{"line":21,"column":1}}},"1":{"name":"(anonymous_2)","decl":{"start":{"line":24,"column":2},"end":{"line":24,"column":null}},"loc":{"start":{"line":29,"column":6},"end":{"line":31,"column":3}}},"2":{"name":"(anonymous_3)","decl":{"start":{"line":34,"column":32},"end":{"line":34,"column":35}},"loc":{"start":{"line":34,"column":37},"end":{"line":36,"column":1}}}},"branchMap":{"0":{"loc":{"start":{"line":10,"column":13},"end":{"line":10,"column":37}},"type":"binary-expr","locations":[{"start":{"line":10,"column":13},"end":{"line":10,"column":29}},{"start":{"line":10,"column":33},"end":{"line":10,"column":37}}]},"1":{"loc":{"start":{"line":30,"column":28},"end":{"line":30,"column":47}},"type":"binary-expr","locations":[{"start":{"line":30,"column":28},"end":{"line":30,"column":40}},{"start":{"line":30,"column":44},"end":{"line":30,"column":47}}]}},"s":{"0":1,"1":1,"2":1,"3":1,"4":1,"5":1,"6":1,"7":1,"8":1,"9":1,"10":1,"11":0,"12":0,"13":0,"14":0,"15":1,"16":8,"17":1,"18":1,"19":1,"20":1},"f":{"0":0,"1":8,"2":1},"b":{"0":[1,0],"1":[8,0]}}
,"/home/tin/projects/todo-list-be/helpers/createConnection.ts": {"path":"/home/tin/projects/todo-list-be/helpers/createConnection.ts","statementMap":{"0":{"start":{"line":1,"column":0},"end":{"line":1,"column":32}},"1":{"start":{"line":3,"column":25},"end":{"line":19,"column":1}},"2":{"start":{"line":4,"column":21},"end":{"line":4,"column":51}},"3":{"start":{"line":6,"column":2},"end":{"line":8,"column":5}},"4":{"start":{"line":7,"column":4},"end":{"line":7,"column":37}},"5":{"start":{"line":10,"column":2},"end":{"line":12,"column":5}},"6":{"start":{"line":11,"column":4},"end":{"line":11,"column":40}},"7":{"start":{"line":14,"column":2},"end":{"line":16,"column":5}},"8":{"start":{"line":15,"column":4},"end":{"line":15,"column":23}},"9":{"start":{"line":18,"column":2},"end":{"line":18,"column":20}},"10":{"start":{"line":21,"column":0},"end":{"line":21,"column":32}}},"fnMap":{"0":{"name":"(anonymous_1)","decl":{"start":{"line":3,"column":25},"end":{"line":3,"column":26}},"loc":{"start":{"line":3,"column":41},"end":{"line":19,"column":1}}},"1":{"name":"(anonymous_2)","decl":{"start":{"line":6,"column":29},"end":{"line":6,"column":32}},"loc":{"start":{"line":6,"column":34},"end":{"line":8,"column":3}}},"2":{"name":"(anonymous_3)","decl":{"start":{"line":10,"column":32},"end":{"line":10,"column":35}},"loc":{"start":{"line":10,"column":37},"end":{"line":12,"column":3}}},"3":{"name":"(anonymous_4)","decl":{"start":{"line":14,"column":25},"end":{"line":14,"column":26}},"loc":{"start":{"line":14,"column":35},"end":{"line":16,"column":3}}}},"branchMap":{},"s":{"0":1,"1":1,"2":1,"3":1,"4":1,"5":1,"6":0,"7":1,"8":0,"9":1,"10":1},"f":{"0":1,"1":1,"2":0,"3":0},"b":{}}
,"/home/tin/projects/todo-list-be/helpers/jwt_service.ts": {"path":"/home/tin/projects/todo-list-be/helpers/jwt_service.ts","statementMap":{"0":{"start":{"line":1,"column":0},"end":{"line":1,"column":31}},"1":{"start":{"line":3,"column":24},"end":{"line":21,"column":2}},"2":{"start":{"line":3,"column":49},"end":{"line":21,"column":2}},"3":{"start":{"line":4,"column":2},"end":{"line":20,"column":5}},"4":{"start":{"line":5,"column":20},"end":{"line":7,"column":6}},"5":{"start":{"line":9,"column":19},"end":{"line":9,"column":27}},"6":{"start":{"line":10,"column":20},"end":{"line":12,"column":6}},"7":{"start":{"line":14,"column":4},"end":{"line":19,"column":7}},"8":{"start":{"line":15,"column":6},"end":{"line":17,"column":null}},"9":{"start":{"line":16,"column":8},"end":{"line":16,"column":22}},"10":{"start":{"line":18,"column":6},"end":{"line":18,"column":21}},"11":{"start":{"line":23,"column":9},"end":{"line":23,"column":24}}},"fnMap":{"0":{"name":"(anonymous_8)","decl":{"start":{"line":3,"column":24},"end":{"line":3,"column":31}},"loc":{"start":{"line":3,"column":49},"end":{"line":21,"column":2}}},"1":{"name":"(anonymous_9)","decl":{"start":{"line":3,"column":49},"end":{"line":3,"column":null}},"loc":{"start":{"line":3,"column":49},"end":{"line":21,"column":1}}},"2":{"name":"(anonymous_10)","decl":{"start":{"line":4,"column":21},"end":{"line":4,"column":22}},"loc":{"start":{"line":4,"column":41},"end":{"line":20,"column":3}}},"3":{"name":"(anonymous_11)","decl":{"start":{"line":14,"column":39},"end":{"line":14,"column":40}},"loc":{"start":{"line":14,"column":56},"end":{"line":19,"column":5}}}},"branchMap":{"0":{"loc":{"start":{"line":15,"column":6},"end":{"line":17,"column":null}},"type":"if","locations":[{"start":{"line":15,"column":6},"end":{"line":17,"column":null}},{"start":{"line":15,"column":6},"end":{"line":17,"column":null}}]}},"s":{"0":1,"1":1,"2":1,"3":1,"4":1,"5":1,"6":1,"7":1,"8":1,"9":0,"10":1,"11":1},"f":{"0":1,"1":1,"2":1,"3":1},"b":{"0":[0,1]}}
,"/home/tin/projects/todo-list-be/helpers/validation.ts": {"path":"/home/tin/projects/todo-list-be/helpers/validation.ts","statementMap":{"0":{"start":{"line":1,"column":0},"end":{"line":1,"column":22}},"1":{"start":{"line":3,"column":21},"end":{"line":9,"column":1}},"2":{"start":{"line":4,"column":21},"end":{"line":7,"column":4}},"3":{"start":{"line":8,"column":2},"end":{"line":8,"column":35}},"4":{"start":{"line":11,"column":9},"end":{"line":11,"column":21}}},"fnMap":{"0":{"name":"(anonymous_1)","decl":{"start":{"line":3,"column":21},"end":{"line":3,"column":22}},"loc":{"start":{"line":3,"column":70},"end":{"line":9,"column":1}}}},"branchMap":{},"s":{"0":1,"1":1,"2":16,"3":16,"4":1},"f":{"0":16},"b":{}}
,"/home/tin/projects/todo-list-be/models/user.model.ts": {"path":"/home/tin/projects/todo-list-be/models/user.model.ts","statementMap":{"0":{"start":{"line":1,"column":0},"end":{"line":1,"column":54}},"1":{"start":{"line":2,"column":0},"end":{"line":2,"column":28}},"2":{"start":{"line":3,"column":0},"end":{"line":3,"column":59}},"3":{"start":{"line":5,"column":24},"end":{"line":5,"column":75}},"4":{"start":{"line":42,"column":21},"end":{"line":42,"column":36}},"5":{"start":{"line":16,"column":34},"end":{"line":27,"column":2}},"6":{"start":{"line":42,"column":9},"end":{"line":42,"column":19}},"7":{"start":{"line":29,"column":0},"end":{"line":34,"column":3}},"8":{"start":{"line":30,"column":15},"end":{"line":30,"column":39}},"9":{"start":{"line":31,"column":23},"end":{"line":31,"column":61}},"10":{"start":{"line":32,"column":2},"end":{"line":32,"column":31}},"11":{"start":{"line":33,"column":2},"end":{"line":33,"column":9}},"12":{"start":{"line":36,"column":0},"end":{"line":40,"column":2}},"13":{"start":{"line":37,"column":2},"end":{"line":39,"column":20}},"14":{"start":{"line":38,"column":4},"end":{"line":38,"column":57}},"15":{"start":{"line":43,"column":0},"end":{"line":43,"column":73}}},"fnMap":{"0":{"name":"(anonymous_8)","decl":{"start":{"line":29,"column":30},"end":{"line":29,"column":46}},"loc":{"start":{"line":29,"column":50},"end":{"line":34,"column":2}}},"1":{"name":"(anonymous_10)","decl":{"start":{"line":36,"column":35},"end":{"line":36,"column":51}},"loc":{"start":{"line":36,"column":67},"end":{"line":40,"column":2}}}},"branchMap":{},"s":{"0":1,"1":1,"2":1,"3":1,"4":1,"5":1,"6":1,"7":1,"8":7,"9":7,"10":7,"11":7,"12":1,"13":2,"14":2,"15":1},"f":{"0":7,"1":2},"b":{}}
,"/home/tin/projects/todo-list-be/routes/user.route.ts": {"path":"/home/tin/projects/todo-list-be/routes/user.route.ts","statementMap":{"0":{"start":{"line":1,"column":0},"end":{"line":1,"column":67}},"1":{"start":{"line":2,"column":0},"end":{"line":2,"column":38}},"2":{"start":{"line":3,"column":0},"end":{"line":3,"column":53}},"3":{"start":{"line":4,"column":0},"end":{"line":4,"column":57}},"4":{"start":{"line":6,"column":0},"end":{"line":6,"column":40}},"5":{"start":{"line":8,"column":14},"end":{"line":8,"column":30}},"6":{"start":{"line":10,"column":0},"end":{"line":39,"column":2}},"7":{"start":{"line":12,"column":69},"end":{"line":38,"column":null}},"8":{"start":{"line":13,"column":4},"end":{"line":37,"column":null}},"9":{"start":{"line":14,"column":37},"end":{"line":14,"column":49}},"10":{"start":{"line":15,"column":24},"end":{"line":15,"column":50}},"11":{"start":{"line":16,"column":6},"end":{"line":18,"column":null}},"12":{"start":{"line":17,"column":8},"end":{"line":17,"column":52}},"13":{"start":{"line":20,"column":22},"end":{"line":22,"column":8}},"14":{"start":{"line":24,"column":6},"end":{"line":26,"column":null}},"15":{"start":{"line":25,"column":8},"end":{"line":25,"column":80}},"16":{"start":{"line":28,"column":19},"end":{"line":28,"column":51}},"17":{"start":{"line":29,"column":24},"end":{"line":29,"column":41}},"18":{"start":{"line":31,"column":6},"end":{"line":34,"column":9}},"19":{"start":{"line":36,"column":6},"end":{"line":36,"column":18}},"20":{"start":{"line":41,"column":0},"end":{"line":47,"column":2}},"21":{"start":{"line":44,"column":4},"end":{"line":44,"column":42}},"22":{"start":{"line":45,"column":4},"end":{"line":45,"column":44}},"23":{"start":{"line":49,"column":0},"end":{"line":77,"column":2}},"24":{"start":{"line":51,"column":69},"end":{"line":76,"column":null}},"25":{"start":{"line":52,"column":4},"end":{"line":75,"column":null}},"26":{"start":{"line":53,"column":24},"end":{"line":53,"column":50}},"27":{"start":{"line":54,"column":6},"end":{"line":56,"column":null}},"28":{"start":{"line":55,"column":8},"end":{"line":55,"column":52}},"29":{"start":{"line":58,"column":37},"end":{"line":58,"column":49}},"30":{"start":{"line":59,"column":19},"end":{"line":59,"column":51}},"31":{"start":{"line":60,"column":6},"end":{"line":62,"column":null}},"32":{"start":{"line":61,"column":8},"end":{"line":61,"column":62}},"33":{"start":{"line":64,"column":22},"end":{"line":64,"column":56}},"34":{"start":{"line":66,"column":6},"end":{"line":68,"column":null}},"35":{"start":{"line":67,"column":8},"end":{"line":67,"column":45}},"36":{"start":{"line":69,"column":26},"end":{"line":69,"column":57}},"37":{"start":{"line":70,"column":6},"end":{"line":72,"column":9}},"38":{"start":{"line":74,"column":6},"end":{"line":74,"column":18}},"39":{"start":{"line":79,"column":0},"end":{"line":85,"column":2}},"40":{"start":{"line":82,"column":4},"end":{"line":82,"column":35}},"41":{"start":{"line":83,"column":4},"end":{"line":83,"column":37}},"42":{"start":{"line":87,"column":0},"end":{"line":87,"column":21}}},"fnMap":{"0":{"name":"(anonymous_8)","decl":{"start":{"line":12,"column":2},"end":{"line":12,"column":9}},"loc":{"start":{"line":12,"column":69},"end":{"line":38,"column":null}}},"1":{"name":"(anonymous_9)","decl":{"start":{"line":12,"column":69},"end":{"line":12,"column":null}},"loc":{"start":{"line":12,"column":69},"end":{"line":38,"column":3}}},"2":{"name":"(anonymous_10)","decl":{"start":{"line":43,"column":2},"end":{"line":43,"column":3}},"loc":{"start":{"line":43,"column":63},"end":{"line":46,"column":3}}},"3":{"name":"(anonymous_11)","decl":{"start":{"line":51,"column":2},"end":{"line":51,"column":9}},"loc":{"start":{"line":51,"column":69},"end":{"line":76,"column":null}}},"4":{"name":"(anonymous_12)","decl":{"start":{"line":51,"column":69},"end":{"line":51,"column":null}},"loc":{"start":{"line":51,"column":69},"end":{"line":76,"column":3}}},"5":{"name":"(anonymous_13)","decl":{"start":{"line":81,"column":2},"end":{"line":81,"column":3}},"loc":{"start":{"line":81,"column":63},"end":{"line":84,"column":3}}}},"branchMap":{"0":{"loc":{"start":{"line":16,"column":6},"end":{"line":18,"column":null}},"type":"if","locations":[{"start":{"line":16,"column":6},"end":{"line":18,"column":null}},{"start":{"line":16,"column":6},"end":{"line":18,"column":null}}]},"1":{"loc":{"start":{"line":24,"column":6},"end":{"line":26,"column":null}},"type":"if","locations":[{"start":{"line":24,"column":6},"end":{"line":26,"column":null}},{"start":{"line":24,"column":6},"end":{"line":26,"column":null}}]},"2":{"loc":{"start":{"line":54,"column":6},"end":{"line":56,"column":null}},"type":"if","locations":[{"start":{"line":54,"column":6},"end":{"line":56,"column":null}},{"start":{"line":54,"column":6},"end":{"line":56,"column":null}}]},"3":{"loc":{"start":{"line":60,"column":6},"end":{"line":62,"column":null}},"type":"if","locations":[{"start":{"line":60,"column":6},"end":{"line":62,"column":null}},{"start":{"line":60,"column":6},"end":{"line":62,"column":null}}]},"4":{"loc":{"start":{"line":66,"column":6},"end":{"line":68,"column":null}},"type":"if","locations":[{"start":{"line":66,"column":6},"end":{"line":68,"column":null}},{"start":{"line":66,"column":6},"end":{"line":68,"column":null}}]}},"s":{"0":1,"1":1,"2":1,"3":1,"4":1,"5":1,"6":1,"7":12,"8":12,"9":12,"10":12,"11":12,"12":4,"13":8,"14":8,"15":1,"16":7,"17":7,"18":7,"19":5,"20":1,"21":0,"22":0,"23":1,"24":4,"25":4,"26":4,"27":4,"28":2,"29":2,"30":2,"31":2,"32":0,"33":2,"34":2,"35":1,"36":1,"37":1,"38":3,"39":1,"40":0,"41":0,"42":1},"f":{"0":12,"1":12,"2":0,"3":4,"4":4,"5":0},"b":{"0":[4,8],"1":[1,7],"2":[2,2],"3":[0,2],"4":[1,1]}}
}
