TN:
SF:index.ts
FN:17,(anonymous_1)
FN:25,(anonymous_2)
FN:38,(anonymous_3)
FN:41,(anonymous_4)
FN:46,(anonymous_5)
FNF:5
FNH:3
FNDA:1,(anonymous_1)
FNDA:10,(anonymous_2)
FNDA:0,(anonymous_3)
FNDA:0,(anonymous_4)
FNDA:1,(anonymous_5)
DA:1,1
DA:2,1
DA:3,1
DA:4,1
DA:5,1
DA:8,1
DA:10,1
DA:11,1
DA:13,1
DA:14,1
DA:15,1
DA:17,1
DA:18,1
DA:19,1
DA:20,1
DA:21,1
DA:24,1
DA:31,10
DA:35,1
DA:36,0
DA:39,0
DA:42,0
DA:46,1
DA:47,1
DA:50,1
DA:51,1
LF:26
LH:23
BRDA:11,0,0,1
BRDA:11,0,1,0
BRDA:31,1,0,10
BRDA:31,1,1,0
BRDA:35,2,0,0
BRDA:35,2,1,1
BRF:6
BRH:3
end_of_record
TN:
SF:controllers/user.controller.ts
FN:12,(anonymous_8)
FN:16,(anonymous_9)
FN:44,(anonymous_10)
FN:48,(anonymous_11)
FN:57,(anonymous_12)
FN:74,(anonymous_13)
FN:78,(anonymous_14)
FN:108,(anonymous_15)
FN:112,(anonymous_16)
FN:120,(anonymous_17)
FNF:10
FNH:4
FNDA:12,(anonymous_8)
FNDA:12,(anonymous_9)
FNDA:0,(anonymous_10)
FNDA:0,(anonymous_11)
FNDA:0,(anonymous_12)
FNDA:5,(anonymous_13)
FNDA:5,(anonymous_14)
FNDA:0,(anonymous_15)
FNDA:0,(anonymous_16)
FNDA:0,(anonymous_17)
DA:2,1
DA:3,1
DA:4,1
DA:9,1
DA:10,1
DA:12,1
DA:16,12
DA:17,12
DA:18,12
DA:19,12
DA:20,12
DA:21,4
DA:24,8
DA:28,8
DA:29,1
DA:32,7
DA:33,7
DA:35,7
DA:40,5
DA:44,1
DA:48,0
DA:49,0
DA:50,0
DA:51,0
DA:52,0
DA:55,0
DA:57,0
DA:58,0
DA:59,0
DA:63,0
DA:64,0
DA:65,0
DA:70,0
DA:74,1
DA:78,5
DA:79,5
DA:80,5
DA:81,5
DA:82,2
DA:85,3
DA:86,3
DA:87,3
DA:88,1
DA:91,2
DA:93,2
DA:94,1
DA:96,1
DA:97,1
DA:99,1
DA:104,4
DA:108,1
DA:112,0
DA:113,0
DA:114,0
DA:115,0
DA:116,0
DA:119,0
DA:120,0
DA:121,0
DA:122,0
DA:125,0
DA:130,0
DA:134,1
LF:63
LH:39
BRDA:20,0,0,4
BRDA:20,0,1,8
BRDA:28,1,0,1
BRDA:28,1,1,7
BRDA:51,2,0,0
BRDA:51,2,1,0
BRDA:58,3,0,0
BRDA:58,3,1,0
BRDA:81,4,0,2
BRDA:81,4,1,3
BRDA:87,5,0,1
BRDA:87,5,1,2
BRDA:93,6,0,1
BRDA:93,6,1,1
BRDA:115,7,0,0
BRDA:115,7,1,0
BRDA:121,8,0,0
BRDA:121,8,1,0
BRF:18
BRH:10
end_of_record
TN:
SF:helpers/connectRedis.ts
FN:8,(anonymous_1)
FN:12,(anonymous_2)
FN:16,(anonymous_3)
FN:20,(anonymous_4)
FNF:4
FNH:3
FNDA:1,(anonymous_1)
FNDA:1,(anonymous_2)
FNDA:0,(anonymous_3)
FNDA:1,(anonymous_4)
DA:1,1
DA:3,1
DA:8,1
DA:9,1
DA:12,1
DA:13,1
DA:16,1
DA:17,0
DA:20,1
DA:21,1
DA:24,1
LF:11
LH:10
BRF:0
BRH:0
end_of_record
TN:
SF:helpers/jwt_service.ts
FN:6,(anonymous_8)
FN:6,(anonymous_9)
FN:7,(anonymous_10)
FN:24,(anonymous_11)
FN:34,(anonymous_12)
FN:48,(anonymous_13)
FN:60,(anonymous_14)
FN:60,(anonymous_15)
FN:61,(anonymous_16)
FN:78,(anonymous_17)
FN:82,(anonymous_18)
FN:94,(anonymous_19)
FN:95,(anonymous_20)
FN:103,(anonymous_21)
FNF:14
FNH:9
FNDA:1,(anonymous_8)
FNDA:1,(anonymous_9)
FNDA:1,(anonymous_10)
FNDA:1,(anonymous_11)
FNDA:0,(anonymous_12)
FNDA:0,(anonymous_13)
FNDA:1,(anonymous_14)
FNDA:1,(anonymous_15)
FNDA:1,(anonymous_16)
FNDA:1,(anonymous_17)
FNDA:1,(anonymous_18)
FNDA:0,(anonymous_19)
FNDA:0,(anonymous_20)
FNDA:0,(anonymous_21)
DA:1,1
DA:2,1
DA:4,1
DA:6,1
DA:7,1
DA:8,1
DA:12,1
DA:13,0
DA:16,1
DA:20,1
DA:25,1
DA:26,0
DA:28,1
DA:34,1
DA:39,0
DA:40,0
DA:43,0
DA:44,0
DA:47,0
DA:48,0
DA:49,0
DA:50,0
DA:51,0
DA:53,0
DA:55,0
DA:56,0
DA:60,1
DA:61,1
DA:62,1
DA:66,1
DA:67,0
DA:70,1
DA:74,1
DA:79,1
DA:80,0
DA:82,1
DA:83,1
DA:84,0
DA:87,1
DA:88,1
DA:94,1
DA:95,0
DA:96,0
DA:97,0
DA:100,0
DA:104,0
DA:105,0
DA:107,0
DA:114,1
DA:115,1
DA:116,1
DA:117,1
LF:52
LH:28
BRDA:12,0,0,0
BRDA:12,0,1,1
BRDA:25,1,0,0
BRDA:25,1,1,1
BRDA:39,2,0,0
BRDA:39,2,1,0
BRDA:43,3,0,0
BRDA:43,3,1,0
BRDA:49,4,0,0
BRDA:49,4,1,0
BRDA:50,5,0,0
BRDA:50,5,1,0
BRDA:66,6,0,0
BRDA:66,6,1,1
BRDA:79,7,0,0
BRDA:79,7,1,1
BRDA:83,8,0,0
BRDA:83,8,1,1
BRDA:96,9,0,0
BRDA:96,9,1,0
BRDA:104,10,0,0
BRDA:104,10,1,0
BRF:22
BRH:5
end_of_record
TN:
SF:helpers/validation.ts
FN:3,(anonymous_1)
FNF:1
FNH:1
FNDA:17,(anonymous_1)
DA:1,1
DA:3,1
DA:4,17
DA:8,17
DA:11,1
LF:5
LH:5
BRF:0
BRH:0
end_of_record
TN:
SF:models/user.model.ts
FN:26,(anonymous_8)
FN:33,(anonymous_10)
FNF:2
FNH:2
FNDA:7,(anonymous_8)
FNDA:2,(anonymous_10)
DA:1,1
DA:2,1
DA:13,1
DA:26,1
DA:27,7
DA:28,7
DA:29,7
DA:30,7
DA:33,1
DA:34,2
DA:35,2
DA:39,1
DA:40,1
LF:13
LH:13
BRF:0
BRH:0
end_of_record
TN:
SF:routes/user.route.ts
FNF:0
FNH:0
DA:1,1
DA:2,1
DA:9,1
DA:10,1
DA:11,1
DA:12,1
DA:13,1
DA:15,1
LF:8
LH:8
BRF:0
BRH:0
end_of_record
