TN:
SF:index.ts
FN:16,(anonymous_1)
FN:24,(anonymous_2)
FN:34,(anonymous_3)
FNF:3
FNH:3
FNDA:1,(anonymous_1)
FNDA:10,(anonymous_2)
FNDA:1,(anonymous_3)
DA:1,1
DA:2,1
DA:3,1
DA:4,1
DA:7,1
DA:9,1
DA:10,1
DA:12,1
DA:13,1
DA:14,1
DA:16,1
DA:17,1
DA:18,1
DA:19,1
DA:20,1
DA:23,1
DA:30,10
DA:34,1
DA:35,1
DA:38,1
DA:39,1
LF:21
LH:21
BRDA:10,0,0,1
BRDA:10,0,1,0
BRDA:30,1,0,10
BRDA:30,1,1,0
BRF:4
BRH:2
end_of_record
TN:
SF:helpers/createConnection.ts
FN:3,(anonymous_1)
FN:6,(anonymous_2)
FN:10,(anonymous_3)
FN:14,(anonymous_4)
FNF:4
FNH:2
FNDA:1,(anonymous_1)
FNDA:1,(anonymous_2)
FNDA:0,(anonymous_3)
FNDA:0,(anonymous_4)
DA:1,1
DA:3,1
DA:4,1
DA:6,1
DA:7,1
DA:10,1
DA:11,0
DA:14,1
DA:15,0
DA:18,1
DA:21,1
LF:11
LH:9
BRF:0
BRH:0
end_of_record
TN:
SF:helpers/jwt_service.ts
FN:3,(anonymous_8)
FN:3,(anonymous_9)
FN:4,(anonymous_10)
FN:14,(anonymous_11)
FNF:4
FNH:4
FNDA:1,(anonymous_8)
FNDA:1,(anonymous_9)
FNDA:1,(anonymous_10)
FNDA:1,(anonymous_11)
DA:1,1
DA:3,1
DA:4,1
DA:5,1
DA:9,1
DA:10,1
DA:14,1
DA:15,1
DA:16,0
DA:18,1
DA:23,1
LF:11
LH:10
BRDA:15,0,0,0
BRDA:15,0,1,1
BRF:2
BRH:1
end_of_record
TN:
SF:helpers/validation.ts
FN:3,(anonymous_1)
FNF:1
FNH:1
FNDA:17,(anonymous_1)
DA:1,1
DA:3,1
DA:4,17
DA:8,17
DA:11,1
LF:5
LH:5
BRF:0
BRH:0
end_of_record
TN:
SF:models/user.model.ts
FN:29,(anonymous_8)
FN:36,(anonymous_10)
FNF:2
FNH:2
FNDA:7,(anonymous_8)
FNDA:2,(anonymous_10)
DA:1,1
DA:2,1
DA:3,1
DA:5,1
DA:16,1
DA:29,1
DA:30,7
DA:31,7
DA:32,7
DA:33,7
DA:36,1
DA:37,2
DA:38,2
DA:42,1
DA:43,1
LF:15
LH:15
BRF:0
BRH:0
end_of_record
TN:
SF:routes/user.route.ts
FN:12,(anonymous_8)
FN:12,(anonymous_9)
FN:43,(anonymous_10)
FN:51,(anonymous_11)
FN:51,(anonymous_12)
FN:81,(anonymous_13)
FNF:6
FNH:4
FNDA:12,(anonymous_8)
FNDA:12,(anonymous_9)
FNDA:0,(anonymous_10)
FNDA:5,(anonymous_11)
FNDA:5,(anonymous_12)
FNDA:0,(anonymous_13)
DA:1,1
DA:2,1
DA:3,1
DA:4,1
DA:6,1
DA:8,1
DA:10,1
DA:12,12
DA:13,12
DA:14,12
DA:15,12
DA:16,12
DA:17,4
DA:20,8
DA:24,8
DA:25,1
DA:28,7
DA:29,7
DA:31,7
DA:36,5
DA:41,1
DA:44,0
DA:45,0
DA:49,1
DA:51,5
DA:52,5
DA:53,5
DA:54,5
DA:55,2
DA:58,3
DA:59,3
DA:60,3
DA:61,1
DA:64,2
DA:66,2
DA:67,1
DA:69,1
DA:70,1
DA:74,4
DA:79,1
DA:82,0
DA:83,0
DA:87,1
LF:43
LH:39
BRDA:16,0,0,4
BRDA:16,0,1,8
BRDA:24,1,0,1
BRDA:24,1,1,7
BRDA:54,2,0,2
BRDA:54,2,1,3
BRDA:60,3,0,1
BRDA:60,3,1,2
BRDA:66,4,0,1
BRDA:66,4,1,1
BRF:10
BRH:10
end_of_record
